2013-06-29 21:15:21 - Export started. Parameters: array (
  'offset' => 0,
  'started_at' => 1372540521,
  'lines_processed' => 0,
  'products_processed' => 0,
  'products_total' => '19',
  'file_size' => 0,
  'errors' => 
  array (
  ),
  'status' => 'not_started',
)
2013-06-29 21:15:23 - Message: WARNING:tax class is empty for productid 45
2013-06-29 21:15:23 - Export completed. Parameters: array (
  'offset' => 0,
  'started_at' => 1372540521,
  'lines_processed' => 38,
  'products_processed' => 19,
  'products_total' => '19',
  'file_size' => 0,
  'errors' => 
  array (
  ),
  'status' => 'completed',
  'query' => 'SELECT p.product_id FROM oc_product p WHERE 1  ORDER BY p.model ',
)
